Log file open, 06/09/17 09:25:20
LogInit:Display: Running engine for game: AI_START
LogPlatformFile: Not using cached read wrapper
LogInit:Display: RandInit(1899752516) SRandInit(1899752516).
LogTaskGraph: Started task graph with 5 named threads and 8 total threads with 1 sets of task threads.
LogStats: Stats thread started at 0.074911
LogExit: Preparing to exit.
LogModuleManager: Shutting down and abandoning module AudioEditor (30)
LogModuleManager: Shutting down and abandoning module TextureCompressor (28)
LogModuleManager: Shutting down and abandoning module ShaderCore (26)
LogModuleManager: Shutting down and abandoning module Landscape (24)
LogModuleManager: Shutting down and abandoning module SlateRHIRenderer (22)
LogModuleManager: Shutting down and abandoning module OpenGLDrv (20)
LogModuleManager: Shutting down and abandoning module D3D11RHI (18)
LogModuleManager: Shutting down and abandoning module AnimGraphRuntime (16)
LogModuleManager: Shutting down and abandoning module Renderer (14)
LogModuleManager: Shutting down and abandoning module Engine (12)
LogModuleManager: Shutting down and abandoning module CoreUObject (10)
LogModuleManager: Shutting down and abandoning module NetworkFile (8)
LogModuleManager: Shutting down and abandoning module StreamingFile (6)
LogModuleManager: Shutting down and abandoning module SandboxFile (4)
LogModuleManager: Shutting down and abandoning module PakFile (2)
LogExit: Exiting.
Log file closed, 06/09/17 09:25:20
